<?xml version="1.0" encoding="UTF-8"?>
<!-- Generated by org.testng.reporters.JUnitReportReporter -->
<testsuite skipped="0" hostname="DESKTOP-SEAN65I" name="TestngDemo.DataProviderDemo" tests="3" failures="0" timestamp="09 Jan 2018 08:35:14 GMT" time="0.027" errors="0">
  <testcase name="testlogin" time="0.005" classname="TestngDemo.DataProviderDemo"/>
  <testcase name="testlogin" time="0.002" classname="TestngDemo.DataProviderDemo"/>
  <testcase name="testlogin" time="0.020" classname="TestngDemo.DataProviderDemo"/>
</testsuite> <!-- TestngDemo.DataProviderDemo -->
